build/app/outputs/mapping/release/seeds.txt
com.example.grat_cards.MainActivity
com.example.grat_cards.MainActivity: MainActivity()
...
io.flutter.embedding.engine.renderer.SurfaceTextureWrapper: void detachFromGLContext()
androidx.window.layout.WindowMetrics: android.graphics.Rect getBounds()
androidx.window.java.layout.WindowInfoTrackerCallbackAdapter$addListener$1$1: kotlin.coroutines.Continuation create(java.lang.Object,kotlin.coroutines.Continuation)
androidx.window.layout.SidecarWindowBackend$WindowLayoutChangeCallbackWrapper: void accept(androidx.window.layout.WindowLayoutInfo)
androidx.window.layout.WindowMetricsCalculator$Companion: androidx.window.layout.WindowMetricsCalculator getOrCreate()
io.flutter.embedding.android.FlutterSplashView$SavedState: FlutterSplashView$SavedState(android.os.Parcelable)
androidx.window.embedding.EmbeddingBackend: void registerRule(androidx.window.embedding.EmbeddingRule)
androidx.window.embedding.SplitRule: int getMinSmallestWidth()
androidx.window.core.Version: int getPatch()
androidx.window.core.Version$bigInteger$2: Version$bigInteger$2(androidx.window.core.Version)
kotlinx.coroutines.internal.ArrayQueue: void addLast(java.lang.Object)
androidx.window.layout.HardwareFoldingFeature$Type$Companion: androidx.window.layout.HardwareFoldingFeature$Type getFOLD()
io.flutter.embedding.engine.FlutterJNI: void ensureRunningOnMainThread()
androidx.exifinterface.media.ExifInterfaceUtils$Api21Impl: java.io.FileDescriptor dup(java.io.FileDescriptor)
androidx.window.layout.SidecarCompat: androidx.window.layout.SidecarAdapter access$getSidecarAdapter$p(androidx.window.layout.SidecarCompat)
androidx.window.embedding.SplitInfo: int hashCode()
androidx.window.layout.WindowInfoTracker$-CC: void overrideDecorator(androidx.window.layout.WindowInfoTrackerDecorator)
androidx.core.view.ViewCompat$Api28Impl: boolean isAccessibilityHeading(android.view.View)
io.flutter.plugins.GeneratedPluginRegistrant: GeneratedPluginRegistrant()
androidx.window.embedding.EmbeddingInterfaceCompat: void setEmbeddingCallback(androidx.window.embedding.EmbeddingInterfaceCompat$EmbeddingCallbackInterface)
androidx.core.view.ViewCompat$Api16Impl: boolean getFitsSystemWindows(android.view.View)
io.flutter.embedding.engine.FlutterJNI: void unregisterTexture(long)
androidx.window.java.layout.WindowInfoTrackerCallbackAdapter: kotlinx.coroutines.flow.Flow windowLayoutInfo(android.app.Activity)
androidx.window.layout.WindowMetricsCalculatorCompat: androidx.window.layout.WindowMetrics computeCurrentWindowMetrics(android.app.Activity)
kotlin.jvm.internal.FunctionReference: boolean isOperator()
androidx.core.view.ViewCompat$Api28Impl: void setAccessibilityHeading(android.view.View,boolean)
androidx.window.layout.ExtensionWindowLayoutInfoBackend: ExtensionWindowLayoutInfoBackend(androidx.window.extensions.layout.WindowLayoutComponent)
kotlin.jvm.internal.CallableReference: kotlin.reflect.KCallable getReflected()
androidx.window.layout.SidecarCompat: void onWindowLayoutChangeListenerRemoved(android.app.Activity)
io.flutter.embedding.engine.mutatorsstack.FlutterMutatorView: void setOnDescendantFocusChangeListener(android.view.View$OnFocusChangeListener)
io.flutter.plugins.imagepicker.ImagePickerUtils: boolean isPermissionPresentInManifest(android.content.Context,java.lang.String)
androidx.window.embedding.EmbeddingBackend: boolean isSplitSupported()
androidx.window.embedding.ActivityFilter: java.lang.String getIntentAction()
androidx.activity.OnBackPressedDispatcher$Api33Impl: android.window.OnBackInvokedCallback createOnBackInvokedCallback(kotlin.jvm.functions.Function0)
androidx.window.embedding.ActivityRule: boolean getAlwaysExpand()
androidx.window.layout.SidecarCompat$TranslatingCallback: void onDeviceStateChanged(androidx.window.sidecar.SidecarDeviceState)
io.flutter.plugin.editing.TextInputPlugin: android.view.inputmethod.InputConnection createInputConnection(android.view.View,io.flutter.embedding.android.KeyboardManager,android.view.inputmethod.EditorInfo)