build/app/outputs/mapping/release/mapping.txt
# compiler: R8
# compiler_version: 3.2.47
# min_api: 16
# common_typos_disable
# {"id":"com.android.tools.r8.mapping","version":"2.0"}
# pg_map_id: 94afbd6
# pg_map_hash: SHA-256 94afbd67cf85271e310d1a882e927b92ca6b75da104c9df7bc01e954006563b9
...
androidx.lifecycle.ViewModelProvider$AndroidViewModelFactory$Companion -> androidx.lifecycle.w$a$a:
androidx.lifecycle.ViewModelProvider$AndroidViewModelFactory$Companion$ApplicationKeyImpl -> androidx.lifecycle.w$a$a$a:
    androidx.lifecycle.ViewModelProvider$AndroidViewModelFactory$Companion$ApplicationKeyImpl INSTANCE -> a
androidx.lifecycle.ViewModelProvider$Factory -> androidx.lifecycle.w$b:
    androidx.lifecycle.ViewModelProvider$Factory$Companion Companion -> a
    androidx.lifecycle.ViewModel create(java.lang.Class) -> a
    androidx.lifecycle.ViewModel create(java.lang.Class,androidx.lifecycle.viewmodel.CreationExtras) -> b
androidx.lifecycle.ViewModelProvider$Factory$-CC -> androidx.lifecycle.x:
# {"id":"sourceFile","fileName":"R8$$SyntheticClass"}
# {"id":"com.android.tools.r8.synthesized"}
    void <clinit>() -> <clinit>
      # {"id":"com.android.tools.r8.synthesized"}
    androidx.lifecycle.ViewModel $default$create(androidx.lifecycle.ViewModelProvider$Factory,java.lang.Class) -> a
      # {"id":"com.android.tools.r8.synthesized"}
androidx.lifecycle.ViewModelProvider$Factory$Companion -> androidx.lifecycle.w$b$a:
    androidx.lifecycle.ViewModelProvider$Factory$Companion $$INSTANCE -> a
androidx.lifecycle.ViewModelProvider$NewInstanceFactory -> androidx.lifecycle.w$c:
    androidx.lifecycle.ViewModelProvider$NewInstanceFactory$Companion Companion -> b
    androidx.lifecycle.viewmodel.CreationExtras$Key VIEW_MODEL_KEY -> c
androidx.lifecycle.ViewModelProvider$NewInstanceFactory$Companion -> androidx.lifecycle.w$c$a:
androidx.lifecycle.ViewModelProvider$NewInstanceFactory$Companion$ViewModelKeyImpl -> androidx.lifecycle.w$c$a$a:
    androidx.lifecycle.ViewModelProvider$NewInstanceFactory$Companion$ViewModelKeyImpl INSTANCE -> a
androidx.lifecycle.ViewModelProvider$OnRequeryFactory -> androidx.lifecycle.w$d:
    void onRequery(androidx.lifecycle.ViewModel) -> a
androidx.lifecycle.ViewModelProviderGetKt -> androidx.lifecycle.y:
    androidx.lifecycle.viewmodel.CreationExtras defaultCreationExtras(androidx.lifecycle.ViewModelStoreOwner) -> a
androidx.lifecycle.ViewModelStore -> androidx.lifecycle.z:
    java.util.Map map -> a
    void clear() -> a
    androidx.lifecycle.ViewModel get(java.lang.String) -> b
    java.util.Set keys() -> c
    void put(java.lang.String,androidx.lifecycle.ViewModel) -> d
androidx.lifecycle.ViewModelStoreOwner -> androidx.lifecycle.a0:
    androidx.lifecycle.ViewModelStore getViewModelStore() -> c
androidx.lifecycle.ViewTreeLifecycleOwner -> androidx.lifecycle.b0:
    void set(android.view.View,androidx.lifecycle.LifecycleOwner) -> a
androidx.lifecycle.ViewTreeViewModelStoreOwner -> androidx.lifecycle.c0:
    void set(android.view.View,androidx.lifecycle.ViewModelStoreOwner) -> a
androidx.lifecycle.runtime.R$id -> j.a:
    int view_tree_lifecycle_owner -> a
androidx.lifecycle.viewmodel.CreationExtras -> k.a:
    java.util.Map map -> a
    java.util.Map getMap$lifecycle_viewmodel_release() -> a
androidx.lifecycle.viewmodel.CreationExtras$Empty -> k.a$a:
    androidx.lifecycle.viewmodel.CreationExtras$Empty INSTANCE -> b
androidx.lifecycle.viewmodel.CreationExtras$Key -> k.a$b:
androidx.lifecycle.viewmodel.InitializerViewModelFactory -> k.b:
    androidx.lifecycle.viewmodel.ViewModelInitializer[] initializers -> b
    androidx.lifecycle.ViewModel create(java.lang.Class) -> a
      # {"id":"com.android.tools.r8.synthesized"}
    androidx.lifecycle.ViewModel create(java.lang.Class,androidx.lifecycle.viewmodel.CreationExtras) -> b
androidx.lifecycle.viewmodel.InitializerViewModelFactoryBuilder -> k.c:
    java.util.List initializers -> a
    void addInitializer(kotlin.reflect.KClass,kotlin.jvm.functions.Function1) -> a
    androidx.lifecycle.ViewModelProvider$Factory build() -> b
androidx.lifecycle.viewmodel.MutableCreationExtras -> k.d:
    void set(androidx.lifecycle.viewmodel.CreationExtras$Key,java.lang.Object) -> b