build/app/outputs/mapping/release/usage.txt
com.example.grat_cards.BuildConfig
com.example.grat_cards.R$attr
com.example.grat_cards.R$color
com.example.grat_cards.R$dimen
com.example.grat_cards.R$drawable
com.example.grat_cards.R$id
com.example.grat_cards.R$integer
com.example.grat_cards.R$layout
com.example.grat_cards.R$mipmap
com.example.grat_cards.R$string
com.example.grat_cards.R$style
com.example.grat_cards.R$styleable
com.example.grat_cards.R$xml
com.example.grat_cards.R
...
androidx.loader.app.LoaderManagerImpl
androidx.loader.content.AsyncTaskLoader$LoadTask
androidx.loader.content.AsyncTaskLoader
androidx.loader.content.CursorLoader
androidx.loader.content.Loader$ForceLoadContentObserver
androidx.loader.content.Loader$OnLoadCanceledListener
androidx.loader.content.Loader$OnLoadCompleteListener
androidx.loader.content.Loader
androidx.loader.content.ModernAsyncTask$1
androidx.loader.content.ModernAsyncTask$2
androidx.loader.content.ModernAsyncTask$3
androidx.loader.content.ModernAsyncTask$4
androidx.loader.content.ModernAsyncTask$AsyncTaskResult
androidx.loader.content.ModernAsyncTask$InternalHandler
androidx.loader.content.ModernAsyncTask$Status
androidx.loader.content.ModernAsyncTask$WorkerRunnable
androidx.loader.content.ModernAsyncTask
androidx.profileinstaller.BenchmarkOperation$Api21ContextHelper:
    private void <init>()
androidx.profileinstaller.BenchmarkOperation$Api24ContextHelper:
    private void <init>()
androidx.profileinstaller.BenchmarkOperation:
    private void <init>()
androidx.profileinstaller.Encoding:
    static final int SIZEOF_BYTE
    static final int UINT_16_SIZE
    static final int UINT_32_SIZE
    static final int UINT_8_SIZE
    private void <init>()
androidx.profileinstaller.FileSectionType:
    static androidx.profileinstaller.FileSectionType fromValue(long)
androidx.profileinstaller.ProfileInstallReceiver:
    public static final java.lang.String ACTION_BENCHMARK_OPERATION
    public static final java.lang.String ACTION_INSTALL_PROFILE
    public static final java.lang.String ACTION_SAVE_PROFILE
    public static final java.lang.String ACTION_SKIP_FILE
    private static final java.lang.String EXTRA_BENCHMARK_OPERATION
    private static final java.lang.String EXTRA_BENCHMARK_OPERATION_DROP_SHADER_CACHE
    private static final java.lang.String EXTRA_SKIP_FILE_OPERATION
    private static final java.lang.String EXTRA_SKIP_FILE_OPERATION_DELETE
    private static final java.lang.String EXTRA_SKIP_FILE_OPERATION_WRITE
androidx.profileinstaller.ProfileInstaller$2:
    static final java.lang.String TAG
androidx.profileinstaller.ProfileInstaller$DiagnosticCode
androidx.profileinstaller.ProfileInstaller$ResultCode
androidx.profileinstaller.ProfileInstaller:
    public static final int DIAGNOSTIC_CURRENT_PROFILE_DOES_NOT_EXIST
    public static final int DIAGNOSTIC_CURRENT_PROFILE_EXISTS
    public static final int DIAGNOSTIC_PROFILE_IS_COMPRESSED
    public static final int DIAGNOSTIC_REF_PROFILE_DOES_NOT_EXIST
    public static final int DIAGNOSTIC_REF_PROFILE_EXISTS
    private static final java.lang.String PROFILE_BASE_DIR
    private static final java.lang.String PROFILE_FILE
    private static final java.lang.String PROFILE_INSTALLER_SKIP_FILE_NAME
    private static final java.lang.String PROFILE_META_LOCATION
    private static final java.lang.String PROFILE_SOURCE_LOCATION
    public static final int RESULT_ALREADY_INSTALLED
    public static final int RESULT_BASELINE_PROFILE_NOT_FOUND
    public static final int RESULT_BENCHMARK_OPERATION_FAILURE
    public static final int RESULT_BENCHMARK_OPERATION_SUCCESS
    public static final int RESULT_BENCHMARK_OPERATION_UNKNOWN
    public static final int RESULT_DELETE_SKIP_FILE_SUCCESS
    public static final int RESULT_DESIRED_FORMAT_UNSUPPORTED
    public static final int RESULT_INSTALL_SKIP_FILE_SUCCESS
    public static final int RESULT_INSTALL_SUCCESS
    public static final int RESULT_IO_EXCEPTION
    public static final int RESULT_META_FILE_REQUIRED_BUT_NOT_FOUND
    public static final int RESULT_NOT_WRITABLE
    public static final int RESULT_PARSE_EXCEPTION
    public static final int RESULT_SAVE_PROFILE_SIGNALLED
androidx.profileinstaller.ProfileInstallerInitializer$Choreographer16Impl:
    private void <init>()
androidx.profileinstaller.ProfileInstallerInitializer$Handler28Impl:
    private void <init>()
androidx.profileinstaller.ProfileInstallerInitializer:
    private static final int DELAY_MS